<?xml version="1.0" encoding="UTF-8"?>
<!-- Generated by org.testng.reporters.JUnitReportReporter -->
<testsuite skipped="0" hostname="Shubhams-MacBook-Air.local" name="login.MakeMyTrip" tests="1" failures="0" timestamp="2023-06-04T20:05:22 IST" time="12.995" errors="0">
  <testcase name="loggin" time="12.995" classname="login.MakeMyTrip"/>
  <system-out/>
</testsuite> <!-- login.MakeMyTrip -->
