<?xml version="1.0" encoding="UTF-8"?>
<!-- Generated by org.testng.reporters.JUnitReportReporter -->
<testsuite hostname="Shubhams-MacBook-Air.local" failures="0" tests="1" name="programsToPractice.NewTest" time="0.004" errors="0" timestamp="2023-06-01T20:55:58 IST" skipped="0">
  <testcase classname="programsToPractice.NewTest" name="username" time="0.004"/>
  <system-out/>
</testsuite> <!-- programsToPractice.NewTest -->
